android_project/app/build/intermediates/manifest_merge_blame_file/release/processReleaseMainManifest/manifest-merger-blame-release-report.txt
1<?xml version="1.0" encoding="utf-8"?>
2<manifest xmlns:android="http://schemas.android.com/apk/res/android"
3    package="com.clazz.app"
4    android:versionCode="3"
5    android:versionName="1.2" >
6
7    <uses-sdk
8        android:minSdkVersion="24"
9        android:targetSdkVersion="35" />
10
11    <uses-permission android:name="android.permission.INTERNET" />
11-->src\main\AndroidManifest.xml:5:5-67
11-->src\main\AndroidManifest.xml:5:22-64
12    <uses-permission android:name="android.permission.CAMERA" />
12-->src\main\AndroidManifest.xml:6:5-65
12-->src\main\AndroidManifest.xml:6:22-62
13    <uses-permission android:name="android.permission.POST_NOTIFICATIONS" />
13-->src\main\AndroidManifest.xml:7:5-77
13-->src\main\AndroidManifest.xml:7:22-74
14    <uses-permission android:name="android.permission.READ_EXTERNAL_STORAGE" />
14-->src\main\AndroidManifest.xml:8:5-80
14-->src\main\AndroidManifest.xml:8:22-77
15    <uses-permission
15-->src\main\AndroidManifest.xml:9:5-108
16        android:name="android.permission.WRITE_EXTERNAL_STORAGE"
16-->src\main\AndroidManifest.xml:9:22-78
17        android:maxSdkVersion="28" />
17-->src\main\AndroidManifest.xml:9:79-105
18
19    <uses-feature
19-->src\main\AndroidManifest.xml:11:5-85
20        android:name="android.hardware.camera"
20-->src\main\AndroidManifest.xml:11:19-57
21        android:required="false" />
21-->src\main\AndroidManifest.xml:11:58-82
22
23    <uses-permission android:name="android.permission.ACCESS_NETWORK_STATE" />
23-->[com.google.firebase:firebase-messaging:25.0.1] AndroidManifest.xml:22:5-79
23-->[com.google.firebase:firebase-messaging:25.0.1] AndroidManifest.xml:22:22-76
24    <uses-permission android:name="android.permission.WAKE_LOCK" /> <!-- Required by older versions of Google Play services to create IID tokens -->
24-->[com.google.firebase:firebase-messaging:25.0.1] AndroidManifest.xml:24:5-68
24-->[com.google.firebase:firebase-messaging:25.0.1] AndroidManifest.xml:24:22-65
25    <uses-permission android:name="com.google.android.c2dm.permission.RECEIVE" />
25-->[com.google.firebase:firebase-messaging:25.0.1] AndroidManifest.xml:26:5-82
25-->[com.google.firebase:firebase-messaging:25.0.1] AndroidManifest.xml:26:22-79
26
27    <permission
27-->[androidx.core:core:1.9.0] AndroidManifest.xml:22:5-24:47
28        android:name="com.clazz.app.DYNAMIC_RECEIVER_NOT_EXPORTED_PERMISSION"
28-->[androidx.core:core:1.9.0] AndroidManifest.xml:23:9-81
29        android:protectionLevel="signature" />
29-->[androidx.core:core:1.9.0] AndroidManifest.xml:24:9-44
30
31    <uses-permission android:name="com.clazz.app.DYNAMIC_RECEIVER_NOT_EXPORTED_PERMISSION" />
31-->[androidx.core:core:1.9.0] AndroidManifest.xml:26:5-97
31-->[androidx.core:core:1.9.0] AndroidManifest.xml:26:22-94
32
33    <application
33-->src\main\AndroidManifest.xml:13:5-54:19
34        android:allowBackup="true"
34-->src\main\AndroidManifest.xml:14:9-35
35        android:appComponentFactory="androidx.core.app.CoreComponentFactory"
35-->[androidx.core:core:1.9.0] AndroidManifest.xml:28:18-86
36        android:extractNativeLibs="false"
37        android:icon="@mipmap/ic_launcher"
37-->src\main\AndroidManifest.xml:15:9-43
38        android:label="@string/app_name"
38-->src\main\AndroidManifest.xml:16:9-41
39        android:roundIcon="@mipmap/ic_launcher_round"
39-->src\main\AndroidManifest.xml:17:9-54
40        android:supportsRtl="true"
40-->src\main\AndroidManifest.xml:18:9-35
41        android:theme="@style/Theme.Clazzlk" >
41-->src\main\AndroidManifest.xml:19:9-45
42        <provider
42-->src\main\AndroidManifest.xml:21:9-29:20
43            android:name="androidx.core.content.FileProvider"
43-->src\main\AndroidManifest.xml:22:13-62
44            android:authorities="com.clazz.app.fileprovider"
44-->src\main\AndroidManifest.xml:23:13-61
45            android:exported="false"
45-->src\main\AndroidManifest.xml:24:13-37
46            android:grantUriPermissions="true" >
46-->src\main\AndroidManifest.xml:25:13-47
47            <meta-data
47-->src\main\AndroidManifest.xml:26:13-28:54
48                android:name="android.support.FILE_PROVIDER_PATHS"
48-->src\main\AndroidManifest.xml:27:17-67
49                android:resource="@xml/file_paths" />
49-->src\main\AndroidManifest.xml:28:17-51
50        </provider>
51
52        <activity
52-->src\main\AndroidManifest.xml:31:9-41:20
53            android:name="com.clazz.app.MainActivity"
53-->src\main\AndroidManifest.xml:32:13-41
54            android:configChanges="orientation|screenSize|keyboardHidden|smallestScreenSize|screenLayout|uiMode"
54-->src\main\AndroidManifest.xml:35:13-113
55            android:exported="true"
55-->src\main\AndroidManifest.xml:33:13-36
56            android:launchMode="singleTask" >
56-->src\main\AndroidManifest.xml:34:13-44
57            <intent-filter>
57-->src\main\AndroidManifest.xml:36:13-40:29
58                <action android:name="android.intent.action.MAIN" />
58-->src\main\AndroidManifest.xml:37:17-69
58-->src\main\AndroidManifest.xml:37:25-66
59
60                <category android:name="android.intent.category.LAUNCHER" />
60-->src\main\AndroidManifest.xml:39:17-77
60-->src\main\AndroidManifest.xml:39:27-74
61            </intent-filter>
62        </activity>
63
64        <meta-data
64-->src\main\AndroidManifest.xml:43:9-45:53
65            android:name="com.google.firebase.messaging.default_notification_channel_id"
65-->src\main\AndroidManifest.xml:44:13-89
66            android:value="clazz_channel_high_v2" />
66-->src\main\AndroidManifest.xml:45:13-50
67
68        <service
68-->src\main\AndroidManifest.xml:47:9-53:19
69            android:name="com.clazz.app.MyFirebaseMessagingService"
69-->src\main\AndroidManifest.xml:48:13-55
70            android:exported="false" >
70-->src\main\AndroidManifest.xml:49:13-37
71            <intent-filter>
71-->src\main\AndroidManifest.xml:50:13-52:29
72                <action android:name="com.google.firebase.MESSAGING_EVENT" />
72-->src\main\AndroidManifest.xml:51:17-78
72-->src\main\AndroidManifest.xml:51:25-75
73            </intent-filter>
74        </service>
75
76        <receiver
76-->[com.google.firebase:firebase-messaging:25.0.1] AndroidManifest.xml:29:9-40:20
77            android:name="com.google.firebase.iid.FirebaseInstanceIdReceiver"
77-->[com.google.firebase:firebase-messaging:25.0.1] AndroidManifest.xml:30:13-78
78            android:exported="true"
78-->[com.google.firebase:firebase-messaging:25.0.1] AndroidManifest.xml:31:13-36
79            android:permission="com.google.android.c2dm.permission.SEND" >
79-->[com.google.firebase:firebase-messaging:25.0.1] AndroidManifest.xml:32:13-73
80            <intent-filter>
80-->[com.google.firebase:firebase-messaging:25.0.1] AndroidManifest.xml:33:13-35:29
81                <action android:name="com.google.android.c2dm.intent.RECEIVE" />
81-->[com.google.firebase:firebase-messaging:25.0.1] AndroidManifest.xml:34:17-81
81-->[com.google.firebase:firebase-messaging:25.0.1] AndroidManifest.xml:34:25-78
82            </intent-filter>
83
84            <meta-data
84-->[com.google.firebase:firebase-messaging:25.0.1] AndroidManifest.xml:37:13-39:40
85                android:name="com.google.android.gms.cloudmessaging.FINISHED_AFTER_HANDLED"
85-->[com.google.firebase:firebase-messaging:25.0.1] AndroidManifest.xml:38:17-92
86                android:value="true" />
86-->[com.google.firebase:firebase-messaging:25.0.1] AndroidManifest.xml:39:17-37
87        </receiver>
88        <!--
89             FirebaseMessagingService performs security checks at runtime,
90             but set to not exported to explicitly avoid allowing another app to call it.
91        -->
92        <service
92-->[com.google.firebase:firebase-messaging:25.0.1] AndroidManifest.xml:46:9-53:19
93            android:name="com.google.firebase.messaging.FirebaseMessagingService"
93-->[com.google.firebase:firebase-messaging:25.0.1] AndroidManifest.xml:47:13-82
94            android:directBootAware="true"
94-->[com.google.firebase:firebase-messaging:25.0.1] AndroidManifest.xml:48:13-43
95            android:exported="false" >
95-->[com.google.firebase:firebase-messaging:25.0.1] AndroidManifest.xml:49:13-37
96            <intent-filter android:priority="-500" >
96-->src\main\AndroidManifest.xml:50:13-52:29
97                <action android:name="com.google.firebase.MESSAGING_EVENT" />
97-->src\main\AndroidManifest.xml:51:17-78
97-->src\main\AndroidManifest.xml:51:25-75
98            </intent-filter>
99        </service>
100        <service
100-->[com.google.firebase:firebase-messaging:25.0.1] AndroidManifest.xml:54:9-63:19
101            android:name="com.google.firebase.components.ComponentDiscoveryService"
101-->[com.google.firebase:firebase-messaging:25.0.1] AndroidManifest.xml:55:13-84
102            android:directBootAware="true"
102-->[com.google.firebase:firebase-common:22.0.1] AndroidManifest.xml:32:13-43
103            android:exported="false" >
103-->[com.google.firebase:firebase-messaging:25.0.1] AndroidManifest.xml:56:13-37
104            <meta-data
104-->[com.google.firebase:firebase-messaging:25.0.1] AndroidManifest.xml:57:13-59:85
105                android:name="com.google.firebase.components:com.google.firebase.messaging.FirebaseMessagingKtxRegistrar"
105-->[com.google.firebase:firebase-messaging:25.0.1] AndroidManifest.xml:58:17-122
106                android:value="com.google.firebase.components.ComponentRegistrar" />
106-->[com.google.firebase:firebase-messaging:25.0.1] AndroidManifest.xml:59:17-82
107            <meta-data
107-->[com.google.firebase:firebase-messaging:25.0.1] AndroidManifest.xml:60:13-62:85
108                android:name="com.google.firebase.components:com.google.firebase.messaging.FirebaseMessagingRegistrar"
108-->[com.google.firebase:firebase-messaging:25.0.1] AndroidManifest.xml:61:17-119
109                android:value="com.google.firebase.components.ComponentRegistrar" />
109-->[com.google.firebase:firebase-messaging:25.0.1] AndroidManifest.xml:62:17-82
110            <meta-data
110-->[com.google.firebase:firebase-installations:19.0.1] AndroidManifest.xml:15:13-17:85
111                android:name="com.google.firebase.components:com.google.firebase.installations.FirebaseInstallationsKtxRegistrar"
111-->[com.google.firebase:firebase-installations:19.0.1] AndroidManifest.xml:16:17-130
112                android:value="com.google.firebase.components.ComponentRegistrar" />
112-->[com.google.firebase:firebase-installations:19.0.1] AndroidManifest.xml:17:17-82
113            <meta-data
113-->[com.google.firebase:firebase-installations:19.0.1] AndroidManifest.xml:18:13-20:85
114                android:name="com.google.firebase.components:com.google.firebase.installations.FirebaseInstallationsRegistrar"
114-->[com.google.firebase:firebase-installations:19.0.1] AndroidManifest.xml:19:17-127
115                android:value="com.google.firebase.components.ComponentRegistrar" />
115-->[com.google.firebase:firebase-installations:19.0.1] AndroidManifest.xml:20:17-82
116            <meta-data
116-->[com.google.firebase:firebase-common:22.0.1] AndroidManifest.xml:35:13-37:85
117                android:name="com.google.firebase.components:com.google.firebase.FirebaseCommonKtxRegistrar"
117-->[com.google.firebase:firebase-common:22.0.1] AndroidManifest.xml:36:17-109
118                android:value="com.google.firebase.components.ComponentRegistrar" />
118-->[com.google.firebase:firebase-common:22.0.1] AndroidManifest.xml:37:17-82
119            <meta-data
119-->[com.google.firebase:firebase-datatransport:18.2.0] AndroidManifest.xml:25:13-27:85
120                android:name="com.google.firebase.components:com.google.firebase.datatransport.TransportRegistrar"
120-->[com.google.firebase:firebase-datatransport:18.2.0] AndroidManifest.xml:26:17-115
121                android:value="com.google.firebase.components.ComponentRegistrar" />
121-->[com.google.firebase:firebase-datatransport:18.2.0] AndroidManifest.xml:27:17-82
122        </service>
123
124        <provider
124-->[com.google.firebase:firebase-common:22.0.1] AndroidManifest.xml:23:9-28:39
125            android:name="com.google.firebase.provider.FirebaseInitProvider"
125-->[com.google.firebase:firebase-common:22.0.1] AndroidManifest.xml:24:13-77
126            android:authorities="com.clazz.app.firebaseinitprovider"
126-->[com.google.firebase:firebase-common:22.0.1] AndroidManifest.xml:25:13-72
127            android:directBootAware="true"
127-->[com.google.firebase:firebase-common:22.0.1] AndroidManifest.xml:26:13-43
128            android:exported="false"
128-->[com.google.firebase:firebase-common:22.0.1] AndroidManifest.xml:27:13-37
129            android:initOrder="100" />
129-->[com.google.firebase:firebase-common:22.0.1] AndroidManifest.xml:28:13-36
130
131        <service
131-->[com.google.android.datatransport:transport-backend-cct:3.1.9] AndroidManifest.xml:28:9-34:19
132            android:name="com.google.android.datatransport.runtime.backends.TransportBackendDiscovery"
132-->[com.google.android.datatransport:transport-backend-cct:3.1.9] AndroidManifest.xml:29:13-103
133            android:exported="false" >
133-->[com.google.android.datatransport:transport-backend-cct:3.1.9] AndroidManifest.xml:30:13-37
134            <meta-data
134-->[com.google.android.datatransport:transport-backend-cct:3.1.9] AndroidManifest.xml:31:13-33:39
135                android:name="backend:com.google.android.datatransport.cct.CctBackendFactory"
135-->[com.google.android.datatransport:transport-backend-cct:3.1.9] AndroidManifest.xml:32:17-94
136                android:value="cct" />
136-->[com.google.android.datatransport:transport-backend-cct:3.1.9] AndroidManifest.xml:33:17-36
137        </service>
138        <service
138-->[com.google.android.datatransport:transport-runtime:3.1.9] AndroidManifest.xml:26:9-30:19
139            android:name="com.google.android.datatransport.runtime.scheduling.jobscheduling.JobInfoSchedulerService"
139-->[com.google.android.datatransport:transport-runtime:3.1.9] AndroidManifest.xml:27:13-117
140            android:exported="false"
140-->[com.google.android.datatransport:transport-runtime:3.1.9] AndroidManifest.xml:28:13-37
141            android:permission="android.permission.BIND_JOB_SERVICE" >
141-->[com.google.android.datatransport:transport-runtime:3.1.9] AndroidManifest.xml:29:13-69
142        </service>
143
144        <receiver
144-->[com.google.android.datatransport:transport-runtime:3.1.9] AndroidManifest.xml:32:9-34:40
145            android:name="com.google.android.datatransport.runtime.scheduling.jobscheduling.AlarmManagerSchedulerBroadcastReceiver"
145-->[com.google.android.datatransport:transport-runtime:3.1.9] AndroidManifest.xml:33:13-132
146            android:exported="false" />
146-->[com.google.android.datatransport:transport-runtime:3.1.9] AndroidManifest.xml:34:13-37
147
148        <activity
148-->[com.google.android.gms:play-services-base:18.1.0] AndroidManifest.xml:20:9-22:45
149            android:name="com.google.android.gms.common.api.GoogleApiActivity"
149-->[com.google.android.gms:play-services-base:18.1.0] AndroidManifest.xml:20:19-85
150            android:exported="false"
150-->[com.google.android.gms:play-services-base:18.1.0] AndroidManifest.xml:22:19-43
151            android:theme="@android:style/Theme.Translucent.NoTitleBar" />
151-->[com.google.android.gms:play-services-base:18.1.0] AndroidManifest.xml:21:19-78
152
153        <provider
153-->[androidx.emoji2:emoji2:1.2.0] AndroidManifest.xml:24:9-32:20
154            android:name="androidx.startup.InitializationProvider"
154-->[androidx.emoji2:emoji2:1.2.0] AndroidManifest.xml:25:13-67
155            android:authorities="com.clazz.app.androidx-startup"
155-->[androidx.emoji2:emoji2:1.2.0] AndroidManifest.xml:26:13-68
156            android:exported="false" >
156-->[androidx.emoji2:emoji2:1.2.0] AndroidManifest.xml:27:13-37
157            <meta-data
157-->[androidx.emoji2:emoji2:1.2.0] AndroidManifest.xml:29:13-31:52
158                android:name="androidx.emoji2.text.EmojiCompatInitializer"
158-->[androidx.emoji2:emoji2:1.2.0] AndroidManifest.xml:30:17-75
159                android:value="androidx.startup" />
159-->[androidx.emoji2:emoji2:1.2.0] AndroidManifest.xml:31:17-49
160            <meta-data
160-->[androidx.lifecycle:lifecycle-process:2.6.1] AndroidManifest.xml:29:13-31:52
161                android:name="androidx.lifecycle.ProcessLifecycleInitializer"
161-->[androidx.lifecycle:lifecycle-process:2.6.1] AndroidManifest.xml:30:17-78
162                android:value="androidx.startup" />
162-->[androidx.lifecycle:lifecycle-process:2.6.1] AndroidManifest.xml:31:17-49
163            <meta-data
163-->[androidx.profileinstaller:profileinstaller:1.3.0] AndroidManifest.xml:29:13-31:52
164                android:name="androidx.profileinstaller.ProfileInstallerInitializer"
164-->[androidx.profileinstaller:profileinstaller:1.3.0] AndroidManifest.xml:30:17-85
165                android:value="androidx.startup" />
165-->[androidx.profileinstaller:profileinstaller:1.3.0] AndroidManifest.xml:31:17-49
166        </provider>
167
168        <meta-data
168-->[com.google.android.gms:play-services-basement:18.3.0] AndroidManifest.xml:21:9-23:69
169            android:name="com.google.android.gms.version"
169-->[com.google.android.gms:play-services-basement:18.3.0] AndroidManifest.xml:22:13-58
170            android:value="@integer/google_play_services_version" />
170-->[com.google.android.gms:play-services-basement:18.3.0] AndroidManifest.xml:23:13-66
171
172        <receiver
172-->[androidx.profileinstaller:profileinstaller:1.3.0] AndroidManifest.xml:34:9-52:20
173            android:name="androidx.profileinstaller.ProfileInstallReceiver"
173-->[androidx.profileinstaller:profileinstaller:1.3.0] AndroidManifest.xml:35:13-76
174            android:directBootAware="false"
174-->[androidx.profileinstaller:profileinstaller:1.3.0] AndroidManifest.xml:36:13-44
175            android:enabled="true"
175-->[androidx.profileinstaller:profileinstaller:1.3.0] AndroidManifest.xml:37:13-35
176            android:exported="true"
176-->[androidx.profileinstaller:profileinstaller:1.3.0] AndroidManifest.xml:38:13-36
177            android:permission="android.permission.DUMP" >
177-->[androidx.profileinstaller:profileinstaller:1.3.0] AndroidManifest.xml:39:13-57
178            <intent-filter>
178-->[androidx.profileinstaller:profileinstaller:1.3.0] AndroidManifest.xml:40:13-42:29
179                <action android:name="androidx.profileinstaller.action.INSTALL_PROFILE" />
179-->[androidx.profileinstaller:profileinstaller:1.3.0] AndroidManifest.xml:41:17-91
179-->[androidx.profileinstaller:profileinstaller:1.3.0] AndroidManifest.xml:41:25-88
180            </intent-filter>
181            <intent-filter>
181-->[androidx.profileinstaller:profileinstaller:1.3.0] AndroidManifest.xml:43:13-45:29
182                <action android:name="androidx.profileinstaller.action.SKIP_FILE" />
182-->[androidx.profileinstaller:profileinstaller:1.3.0] AndroidManifest.xml:44:17-85
182-->[androidx.profileinstaller:profileinstaller:1.3.0] AndroidManifest.xml:44:25-82
183            </intent-filter>
184            <intent-filter>
184-->[androidx.profileinstaller:profileinstaller:1.3.0] AndroidManifest.xml:46:13-48:29
185                <action android:name="androidx.profileinstaller.action.SAVE_PROFILE" />
185-->[androidx.profileinstaller:profileinstaller:1.3.0] AndroidManifest.xml:47:17-88
185-->[androidx.profileinstaller:profileinstaller:1.3.0] AndroidManifest.xml:47:25-85
186            </intent-filter>
187            <intent-filter>
187-->[androidx.profileinstaller:profileinstaller:1.3.0] AndroidManifest.xml:49:13-51:29
188                <action android:name="androidx.profileinstaller.action.BENCHMARK_OPERATION" />
188-->[androidx.profileinstaller:profileinstaller:1.3.0] AndroidManifest.xml:50:17-95
188-->[androidx.profileinstaller:profileinstaller:1.3.0] AndroidManifest.xml:50:25-92
189            </intent-filter>
190        </receiver>
191    </application>
192
193</manifest>